7128
53 82
35 76
17 56
32 69
1 24
54 65
66 67
45 76
1 25
81 97
82 98
24 27
7 41
6 86
93 96
43 85
67 92
21 97
47 90
5 63
60 75
15 62
67 88
12 65
9 26
16 44
7 15
2 3
43 79
31 55
85 86
73 84
37 41
37 40
45 80
41 68
4 10
11 70
17 62
3 6
24 41
71 72
0 87
10 20
44 46
32 74
9 40
43 92
5 10
42 69
50 58
8 9
51 74
10 52
17 60
23 84
18 72
5 85
11 12
19 87
15 16
49 62
65 79
4 68
52 91
62 68
2 26
9 72
10 56
53 59
25 75
53 76
41 47
9 62
13 46
20 87
1 2
6 22
11 71
29 52
3 31
15 84
48 81
43 89
55 93
10 64
29 94
2 47
31 88
3 13
12 97
0 75
68 95
17 39
40 60
55 78
6 77
6 95
48 61
33 80
82 89
5 11
35 36
55 92
9 37
27 98
30 62
18 49
55 74
43 63
18 82
11 69
13 14
10 60
48 68
33 66
26 33
92 93
21 30
12 84
26 87
5 48
81 88
71 92
21 35
45 83
91 99
28 79
69 95
53 57
22 42
23 42
9 98
66 68
1 18
36 53
29 60
33 65
44 91
1 26
14 54
68 69
48 76
75 85
55 58
20 46
11 50
13 37
42 51
6 13
81 83
25 73
55 98
77 78
76 89
63 72
60 95
76 88
69 94
33 76
10 23
25 49
42 48
18 19
49 67
2 65
23 35
7 23
35 52
6 26
3 53
21 33
2 9
33 67
35 94
87 88
20 53
26 43
14 22
58 87
76 82
29 88
5 17
19 89
67 99
37 93
15 35
0 84
38 43
60 88
4 75
57 88
19 90
12 17
73 75
33 58
93 95
16 32
64 92
41 48
17 31
21 79
7 38
10 31
47 75
12 20
9 50
58 67
15 28
11 98
68 72
21 22
15 71
6 72
52 59
30 92
0 13
39 49
56 68
3 91
41 70
1 41
44 59
44 88
45 89
15 80
12 31
16 47
38 66
89 95
18 84
10 18
45 92
35 44
21 98
34 96
59 76
16 26
30 77
5 93
57 70
91 98
81 95
11 20
74 82
85 87
48 74
69 77
88 96
9 94
21 70
41 82
36 45
24 48
28 50
54 66
4 20
5 38
41 78
85 95
23 34
10 45
45 91
15 17
32 76
24 74
23 45
26 34
42 63
19 35
46 90
0 2
39 75
61 87
14 58
5 32
48 95
12 29
13 99
46 98
15 66
34 98
51 77
3 81
86 89
36 96
4 42
61 73
21 46
29 33
1 40
40 44
44 98
45 84
33 83
2 44
54 90
74 97
23 53
74 78
3 87
21 69
12 79
3 12
75 95
9 21
9 85
48 91
29 76
3 39
1 61
29 49
40 77
47 65
78 83
28 43
64 81
22 55
44 90
4 8
33 46
31 57
15 98
30 90
40 58
42 67
1 22
2 14
0 15
59 73
23 55
29 80
73 78
17 90
29 71
2 20
36 46
83 96
29 74
13 16
27 61
5 99
20 98
39 73
96 97
80 87
32 75
24 78
83 88
8 38
58 77
13 88
56 98
8 11
1 4
54 63
71 96
59 61
18 55
6 37
62 85
8 30
26 51
77 80
46 87
9 14
14 68
21 26
30 44
73 95
71 75
44 93
17 82
21 84
47 91
60 90
12 25
60 91
80 98
25 97
58 79
46 52
26 40
36 90
6 45
79 81
18 87
30 60
10 57
59 86
67 78
36 98
49 50
5 29
4 30
16 28
32 62
9 68
6 67
2 57
0 33
9 61
