29302
268 296
213 346
203 270
282 299
33 114
11 321
231 347
51 337
28 100
34 267
35 300
40 322
110 347
150 248
134 328
9 202
53 283
123 216
86 211
142 180
224 397
34 378
109 312
5 9
13 354
269 303
162 172
217 327
33 55
48 134
220 269
240 247
40 147
83 138
248 367
10 97
192 193
313 357
35 106
49 169
75 247
184 316
25 26
199 207
231 262
289 316
120 359
29 220
70 129
43 228
274 324
9 138
132 202
55 242
63 70
99 279
41 235
61 123
65 368
58 110
183 328
63 116
178 210
5 281
210 258
86 127
68 193
211 255
61 157
87 98
4 11
193 236
154 309
265 283
14 16
251 256
6 329
10 243
94 217
8 62
61 70
135 298
51 101
24 311
96 375
10 236
105 141
232 282
238 381
33 287
116 210
8 150
111 115
153 357
131 260
238 310
276 380
49 66
184 201
52 75
220 348
231 331
46 314
213 399
85 174
255 334
95 300
100 385
52 147
28 251
54 249
37 109
108 171
147 397
111 392
337 389
108 367
12 14
107 113
235 263
186 325
306 329
14 293
59 361
174 386
42 269
208 326
214 316
183 298
45 166
17 142
62 284
139 197
312 347
166 267
5 309
49 203
47 203
29 69
46 182
324 392
145 270
26 170
233 354
198 306
210 339
15 54
13 79
97 313
32 57
94 255
24 75
133 272
161 168
68 386
26 202
12 364
270 329
45 390
94 319
146 194
277 279
180 273
54 157
149 187
207 385
100 162
54 184
187 325
3 77
35 394
98 273
311 397
118 329
28 270
23 281
73 198
195 242
34 114
181 358
237 359
237 393
294 331
385 398
6 52
94 325
2 361
243 385
46 247
197 383
74 154
45 157
30 397
144 334
74 169
94 263
143 369
53 111
175 223
2 249
77 283
38 334
204 214
209 381
12 173
9 94
55 161
39 356
125 226
239 340
217 325
198 256
64 277
97 103
170 272
9 275
31 303
12 20
27 287
175 358
122 132
37 358
243 247
244 277
9 334
134 394
285 383
49 396
237 374
124 262
77 177
316 337
320 359
94 209
28 209
39 214
54 355
25 371
61 349
107 253
262 266
236 313
75 326
359 399
106 163
237 269
103 302
240 274
65 337
34 159
132 179
75 236
149 273
111 357
4 230
14 111
0 36
197 198
181 224
234 396
16 245
51 125
104 141
150 262
3 50
70 127
20 129
223 336
10 295
87 326
212 213
91 237
195 398
244 379
236 390
101 197
363 398
111 205
106 237
119 381
208 359
176 294
80 387
115 369
101 359
64 181
165 302
25 71
116 145
15 40
2 4
76 159
121 288
145 326
241 338
278 290
281 301
300 344
5 310
41 229
137 244
78 282
290 351
311 365
24 219
12 252
13 280
5 336
29 168
33 83
116 312
302 334
330 333
160 252
163 391
5 264
32 44
29 268
14 27
66 156
92 234
63 226
321 384
79 249
320 327
24 111
2 47
75 334
94 178
161 231
107 311
29 85
13 80
67 259
9 33
150 280
200 311
23 371
28 155
222 272
58 326
275 386
132 223
137 290
63 398
67 147
152 273
54 336
169 355
6 380
11 101
15 118
70 92
239 328
4 10
1 368
29 37
115 123
213 247
15 276
218 296
367 381
300 384
0 175
105 209
23 67
287 319
13 206
306 362
326 393
41 344
141 370
23 301
116 132
289 317
50 91
135 137
125 252
146 326
164 379
356 387
46 393
204 273
98 162
234 315
11 395
298 339
21 64
82 156
46 382
117 178
159 294
47 202
230 364
243 349
15 149
16 119
194 385
161 284
250 380
114 303
94 174
36 381
175 226
233 307
194 396
75 252
36 68
129 310
63 84
42 319
69 245
16 243
65 333
24 306
16 104
102 247
109 302
140 301
365 372
18 369
284 323
294 376
35 332
20 359
11 45
15 173
348 357
33 214
47 265
67 196
41 72
13 120
273 320
70 382
106 113
140 291
192 343
147 176
33 285
151 322
21 308
174 222
69 379
124 221
185 303
20 266
61 124
5 78
147 274
23 95
69 132
145 173
134 182
20 38
346 369
19 110
339 353
118 239
11 186
34 268
237 244
312 326
187 250
123 204
126 138
275 385
39 274
48 208
23 98
145 341
54 179
222 393
303 390
7 374
212 384
195 373
52 100
135 332
187 286
50 56
71 316
27 294
123 282
107 168
268 375
237 323
24 266
255 349
12 25
2 91
96 304
54 210
186 193
83 228
235 398
254 258
14 48
134 264
88 105
102 224
91 300
94 267
77 224
161 371
71 131
142 183
155 207
82 193
306 331
74 338
6 174
15 22
28 165
73 358
11 317
24 398
83 96
207 373
76 230
17 341
85 282
163 215
36 163
55 133
62 348
64 216
136 231
53 92
261 290
13 83
72 370
147 151
212 396
94 139
79 168
191 346
199 340
107 137
114 241
99 132
255 361
2 30
40 331
230 285
28 150
30 75
29 191
89 150
73 86
177 378
216 396
309 356
32 81
32 395
40 300
329 382
209 344
352 390
132 150
104 398
73 176
108 195
184 186
35 333
99 243
18 315
68 107
119 170
108 217
301 322
139 177
89 346
152 263
9 101
120 155
48 73
57 148
153 168
133 208
343 347
18 45
148 226
146 328
34 153
310 346
7 353
20 41
114 370
146 148
43 381
78 118
134 245
37 65
8 64
9 284
76 167
149 334
53 147
2 12
79 119
104 296
206 360
239 307
67 132
136 184
215 272
79 354
120 190
256 339
53 85
13 282
41 298
64 188
39 129
233 350
86 298
64 86
198 312
118 217
25 142
188 358
332 338
32 362
19 140
239 240
105 278
69 89
1 15
74 80
102 262
64 169
216 351
244 343
148 317
118 368
110 365
74 112
113 195
202 358
58 118
18 251
86 348
128 283
102 191
82 110
99 197
37 330
181 278
197 213
232 257
143 385
267 349
32 293
140 266
228 296
91 154
269 311
118 151
62 376
277 351
242 300
83 320
138 362
2 379
225 230
32 286
0 18
3 76
134 302
145 335
211 277
256 312
141 216
66 245
72 397
64 346
2 224
275 285
1 389
5 344
73 185
182 275
34 82
16 73
19 97
55 209
237 343
304 377
53 145
183 252
329 362
0 156
102 260
112 323
9 221
34 351
115 226
71 121
180 331
187 227
64 234
163 377
224 374
83 93
30 219
200 346
190 307
75 120
254 389
39 216
188 290
30 74
157 191
190 385
56 365
158 232
255 296
247 315
248 321
159 338
245 350
149 381
82 136
19 128
110 296
166 347
342 344
98 202
190 303
15 88
265 296
123 254
95 202
54 94
180 259
15 332
105 217
286 304
307 356
183 262
112 132
41 172
141 325
233 382
134 359
187 356
115 385
164 333
308 383
16 58
30 275
227 277
161 338
46 377
78 92
39 397
92 112
16 39
173 335
140 318
262 366
233 282
244 304
10 161
193 349
3 108
8 90
301 332
240 276
98 388
211 354
48 72
206 336
92 307
173 196
24 66
79 146
73 299
199 320
184 262
286 292
3 49
13 267
61 277
30 88
77 146
150 368
22 297
271 399
230 386
259 339
326 364
193 324
4 119
59 327
44 166
98 164
58 287
124 189
75 344
289 306
10 278
144 361
174 295
38 159
252 392
294 305
381 399
182 226
64 130
11 270
17 283
87 132
304 305
164 247
2 200
90 224
160 396
287 372
59 241
40 93
86 153
120 131
196 255
5 30
11 84
50 293
130 212
74 109
73 341
84 178
52 98
83 217
102 290
126 243
172 367
158 205
193 397
201 350
160 178
61 195
97 170
4 100
59 62
67 216
177 346
188 246
30 325
32 103
220 358
84 347
21 181
58 284
158 192
257 324
50 183
35 122
327 379
18 44
37 359
178 296
191 378
2 172
106 318
269 294
103 182
351 399
83 383
46 98
140 396
0 1
114 137
275 347
23 280
242 273
270 292
71 137
321 346
322 335
240 325
70 363
127 240
104 252
153 172
169 217
96 286
42 394
50 215
30 35
103 263
156 223
1 396
175 215
201 309
123 292
282 292
150 154
181 228
138 229
85 390
6 328
55 84
18 34
151 200
15 277
159 343
295 399
268 305
141 258
109 115
64 73
15 101
23 177
276 393
39 54
102 382
259 343
288 356
128 252
23 39
50 380
63 154
328 344
328 336
107 121
100 215
164 173
25 253
36 213
51 94
378 396
155 394
41 133
308 347
108 196
143 281
9 139
99 251
307 343
197 215
44 73
185 228
59 61
129 212
57 60
64 185
43 122
2 111
159 379
284 326
56 201
126 317
137 263
39 381
26 203
52 388
140 292
37 255
59 306
88 117
270 393
311 333
35 373
143 194
92 127
176 334
127 237
94 281
217 395
213 257
290 374
257 323
36 231
142 261
56 206
45 200
162 222
1 87
3 158
91 96
105 398
43 192
143 325
84 212
233 300
153 327
91 369
140 369
239 306
160 238
131 364
330 376
24 308
246 353
180 340
44 261
20 381
28 96
13 258
131 190
339 361
20 114
156 383
97 228
281 292
2 180
132 146
293 344
109 213
26 90
219 344
341 354
264 295
1 7
7 255
42 89
135 185
164 257
170 210
38 213
171 305
12 60
10 44
155 393
44 256
52 150
103 114
219 391
289 290
123 206
19 262
1 224
2 125
25 127
34 253
40 345
98 357
110 116
10 42
117 267
75 162
128 253
130 147
342 377
77 247
34 291
65 70
241 362
84 371
121 275
378 390
187 192
37 369
66 299
24 58
169 197
249 292
61 268
12 254
204 368
297 376
175 192
87 350
332 382
297 304
14 29
230 367
52 263
273 289
186 236
350 383
262 301
174 266
203 217
24 126
159 175
7 17
50 60
103 398
176 362
178 236
5 241
103 350
70 107
85 219
126 225
223 377
203 367
172 210
147 191
176 352
188 291
28 39
110 238
130 143
32 46
89 146
7 51
303 383
72 240
199 331
150 348
194 213
81 371
273 358
104 145
88 139
20 180
205 244
212 252
277 306
62 69
0 2
165 346
112 175
96 272
294 342
19 392
6 163
188 300
157 266
180 378
306 350
329 339
234 237
122 230
9 53
285 315
107 341
46 75
42 233
45 221
0 25
56 198
105 271
150 218
279 393
282 379
156 305
196 343
101 395
78 344
51 366
111 286
132 226
145 228
185 274
91 349
49 166
116 189
231 367
262 298
177 215
179 383
17 363
219 389
60 236
252 308
169 367
259 330
312 328
105 124
19 368
74 345
46 299
250 333
202 258
109 183
200 323
120 136
309 315
123 396
128 325
160 195
177 339
119 272
249 256
65 234
18 307
49 177
33 284
33 313
56 116
108 262
153 228
77 222
33 171
8 235
37 268
6 27
105 237
68 339
187 191
259 298
313 342
278 341
197 394
306 363
18 269
26 156
126 298
99 138
